#
# There is insufficient memory for the Java Runtime Environment to continue.
# Native memory allocation (mmap) failed to map 117440512 bytes for G1 virtual space
# Possible reasons:
#   The system is out of physical RAM or swap space
#   The process is running with CompressedOops enabled, and the Java Heap may be blocking the growth of the native heap
# Possible solutions:
#   Reduce memory load on the system
#   Increase physical memory or swap space
#   Check if swap backing store is full
#   Decrease Java heap size (-Xmx/-Xms)
#   Decrease number of Java threads
#   Decrease Java thread stack sizes (-Xss)
#   Set larger code cache with -XX:ReservedCodeCacheSize=
#   JVM is running with Unscaled Compressed Oops mode in which the Java heap is
#     placed in the first 4GB address space. The Java Heap base address is the
#     maximum limit for the native heap growth. Please use -XX:HeapBaseMinAddress
#     to set the Java Heap base and to place the Java Heap above 4GB virtual address.
# This output file may be truncated or incomplete.
#
#  Out of Memory Error (os_windows.cpp:3771), pid=11104, tid=10864
#
# JRE version:  (17.0.7) (build )
# Java VM: OpenJDK 64-Bit Server VM (17.0.7+0-b2043.56-10550314, mixed mode, sharing, tiered, compressed oops, compressed class ptrs, g1 gc, windows-amd64)
# No core dump will be written. Minidumps are not enabled by default on client versions of Windows
#

---------------  S U M M A R Y ------------

Command Line: org.jetbrains.kotlin.cli.jvm.K2JVMCompiler @C:\Users\frann\Downloads\Proyecto\app\build\20240521_5471923979094193846.compiler.options

Host: AMD Ryzen 3 2200G with Radeon Vega Graphics    , 4 cores, 6G,  Windows 10 , 64 bit Build 19041 (10.0.19041.3636)
Time: Tue May 21 21:45:00 2024 Hora estándar de Argentina elapsed time: 0.301053 seconds (0d 0h 0m 0s)

---------------  T H R E A D  ---------------

Current thread (0x0000016aa88fd780):  JavaThread "Unknown thread" [_thread_in_vm, id=10864, stack(0x0000005e39500000,0x0000005e39600000)]

Stack: [0x0000005e39500000,0x0000005e39600000]
Native frames: (J=compiled Java code, j=interpreted, Vv=VM code, C=native code)
V  [jvm.dll+0x683bfa]
V  [jvm.dll+0x8430a4]
V  [jvm.dll+0x8449be]
V  [jvm.dll+0x845023]
V  [jvm.dll+0x24ad2f]
V  [jvm.dll+0x680ac9]
V  [jvm.dll+0x67519a]
V  [jvm.dll+0x30b3cb]
V  [jvm.dll+0x312876]
V  [jvm.dll+0x36221e]
V  [jvm.dll+0x36244f]
V  [jvm.dll+0x2e14a8]
V  [jvm.dll+0x2e2414]
V  [jvm.dll+0x814391]
V  [jvm.dll+0x36ffe1]
V  [jvm.dll+0x7f396c]
V  [jvm.dll+0x3f305f]
V  [jvm.dll+0x3f4b91]
C  [jli.dll+0x528f]
C  [ucrtbase.dll+0x21bb2]
C  [KERNEL32.DLL+0x17344]
C  [ntdll.dll+0x526b1]


---------------  P R O C E S S  ---------------

Threads class SMR info:
_java_thread_list=0x00007ffe5712d098, length=0, elements={
}

Java Threads: ( => current thread )

Other Threads:
  0x0000016aa8952560 GCTaskThread "GC Thread#0" [stack: 0x0000005e39600000,0x0000005e39700000] [id=7320]
  0x0000016aa8961b30 ConcurrentGCThread "G1 Main Marker" [stack: 0x0000005e39700000,0x0000005e39800000] [id=11500]
  0x0000016aa8962540 ConcurrentGCThread "G1 Conc#0" [stack: 0x0000005e39800000,0x0000005e39900000] [id=7820]

[error occurred during error reporting (printing all threads), id 0xc0000005, EXCEPTION_ACCESS_VIOLATION (0xc0000005) at pc=0x00007ffe568e2087]

VM state: not at safepoint (not fully initialized)

VM Mutex/Monitor currently owned by a thread:  ([mutex/lock_event])
[0x0000016aa88f7420] Heap_lock - owner thread: 0x0000016aa88fd780

Heap address: 0x0000000090c00000, size: 1780 MB, Compressed Oops mode: 32-bit

CDS archive(s) mapped at: [0x0000000000000000-0x0000000000000000-0x0000000000000000), size 0, SharedBaseAddress: 0x0000000800000000, ArchiveRelocationMode: 0.
Narrow klass base: 0x0000000000000000, Narrow klass shift: 0, Narrow klass range: 0x0

GC Precious Log:
<Empty>

Heap:
 garbage-first heap   total 0K, used 0K [0x0000000090c00000, 0x0000000100000000)
  region size 1024K, 0 young (0K), 0 survivors (0K)
 Metaspace       used 0K, committed 0K, reserved 0K
  class space    used 0K, committed 0K, reserved 0K

Heap Regions: E=young(eden), S=young(survivor), O=old, HS=humongous(starts), HC=humongous(continues), CS=collection set, F=free, OA=open archive, CA=closed archive, TAMS=top-at-mark-start (previous, next)

Card table byte_map: [0x0000016abb160000,0x0000016abb4e0000] _byte_map_base: 0x0000016abacda000

Marking Bits (Prev, Next): (CMBitMap*) 0x0000016aa8952b70, (CMBitMap*) 0x0000016aa8952bb0
 Prev Bits: [0x0000016abb860000, 0x0000016abd430000)
 Next Bits: [0x0000016abd430000, 0x0000016abf000000)

GC Heap History (0 events):
No events

Dll operation events (1 events):
Event: 0.161 Loaded shared library D:\Android\jbr\bin\java.dll

Deoptimization events (0 events):
No events

Classes unloaded (0 events):
No events

Classes redefined (0 events):
No events

Internal exceptions (0 events):
No events

VM Operations (0 events):
No events

Events (0 events):
No events


Dynamic libraries:
0x00007ff72e000000 - 0x00007ff72e00a000 	D:\Android\jbr\bin\java.exe
0x00007ffebab90000 - 0x00007ffebad88000 	C:\Windows\SYSTEM32\ntdll.dll
0x00007ffeb9700000 - 0x00007ffeb97bd000 	C:\Windows\System32\KERNEL32.DLL
0x00007ffeb8830000 - 0x00007ffeb8b26000 	C:\Windows\System32\KERNELBASE.dll
0x00007ffeb8570000 - 0x00007ffeb8670000 	C:\Windows\System32\ucrtbase.dll
0x00007ffe9d480000 - 0x00007ffe9d497000 	D:\Android\jbr\bin\jli.dll
0x00007ffe96a20000 - 0x00007ffe96a3b000 	D:\Android\jbr\bin\VCRUNTIME140.dll
0x00007ffeba910000 - 0x00007ffebaaaf000 	C:\Windows\System32\USER32.dll
0x00007ffea0890000 - 0x00007ffea0b2a000 	C:\Windows\WinSxS\amd64_microsoft.windows.common-controls_6595b64144ccf1df_6.0.19041.4355_none_60b8b9eb71f62e16\COMCTL32.dll
0x00007ffeba110000 - 0x00007ffeba1ae000 	C:\Windows\System32\msvcrt.dll
0x00007ffeb8540000 - 0x00007ffeb8562000 	C:\Windows\System32\win32u.dll
0x00007ffeb8d80000 - 0x00007ffeb8dab000 	C:\Windows\System32\GDI32.dll
0x00007ffeb8420000 - 0x00007ffeb8537000 	C:\Windows\System32\gdi32full.dll
0x00007ffeb8670000 - 0x00007ffeb870d000 	C:\Windows\System32\msvcp_win.dll
0x00007ffeba790000 - 0x00007ffeba7c2000 	C:\Windows\System32\IMM32.DLL
0x00007ffea6d30000 - 0x00007ffea6d3c000 	D:\Android\jbr\bin\vcruntime140_1.dll
0x00007ffe8c130000 - 0x00007ffe8c1bd000 	D:\Android\jbr\bin\msvcp140.dll
0x00007ffe565f0000 - 0x00007ffe57270000 	D:\Android\jbr\bin\server\jvm.dll
0x00007ffeb8db0000 - 0x00007ffeb8e60000 	C:\Windows\System32\ADVAPI32.dll
0x00007ffebaab0000 - 0x00007ffebab50000 	C:\Windows\System32\sechost.dll
0x00007ffeb9ea0000 - 0x00007ffeb9fc3000 	C:\Windows\System32\RPCRT4.dll
0x00007ffeb8240000 - 0x00007ffeb8267000 	C:\Windows\System32\bcrypt.dll
0x00007ffeafa40000 - 0x00007ffeafa4a000 	C:\Windows\SYSTEM32\VERSION.dll
0x00007ffeaf800000 - 0x00007ffeaf827000 	C:\Windows\SYSTEM32\WINMM.dll
0x00007ffeb0010000 - 0x00007ffeb0019000 	C:\Windows\SYSTEM32\WSOCK32.dll
0x00007ffeba1b0000 - 0x00007ffeba21b000 	C:\Windows\System32\WS2_32.dll
0x00007ffeb60a0000 - 0x00007ffeb60b2000 	C:\Windows\SYSTEM32\kernel.appcore.dll
0x00007ffeaf340000 - 0x00007ffeaf34a000 	D:\Android\jbr\bin\jimage.dll
0x00007ffeb1520000 - 0x00007ffeb1704000 	C:\Windows\SYSTEM32\DBGHELP.DLL
0x00007ffe9b7c0000 - 0x00007ffe9b7f4000 	C:\Windows\SYSTEM32\dbgcore.DLL
0x00007ffeb8b30000 - 0x00007ffeb8bb2000 	C:\Windows\System32\bcryptPrimitives.dll
0x00007ffea9bf0000 - 0x00007ffea9c15000 	D:\Android\jbr\bin\java.dll

dbghelp: loaded successfully - version: 4.0.5 - missing functions: none
symbol engine: initialized successfully - sym options: 0x614 - pdb path: .;D:\Android\jbr\bin;C:\Windows\SYSTEM32;C:\Windows\WinSxS\amd64_microsoft.windows.common-controls_6595b64144ccf1df_6.0.19041.4355_none_60b8b9eb71f62e16;D:\Android\jbr\bin\server

VM Arguments:
java_command: org.jetbrains.kotlin.cli.jvm.K2JVMCompiler @C:\Users\frann\Downloads\Proyecto\app\build\20240521_5471923979094193846.compiler.options
java_class_path (initial): C:\Users\frann\.gradle\caches\modules-2\files-2.1\org.jetbrains.kotlin\kotlin-compiler-embeddable\1.9.22\9cd4dc7773cf2a99ecd961a88fbbc9a2da3fb5e1\kotlin-compiler-embeddable-1.9.22.jar;C:\Users\frann\.gradle\caches\modules-2\files-2.1\org.jetbrains.kotlin\kotlin-stdlib\1.9.22\d6c44cd08d8f3f9bece8101216dbe6553365c6e3\kotlin-stdlib-1.9.22.jar;C:\Users\frann\.gradle\caches\modules-2\files-2.1\org.jetbrains.kotlin\kotlin-script-runtime\1.9.22\f8139a46fc677ec9badc49ae954392f4f5e7e7c7\kotlin-script-runtime-1.9.22.jar;C:\Users\frann\.gradle\caches\modules-2\files-2.1\org.jetbrains.kotlin\kotlin-reflect\1.6.10\1cbe9c92c12a94eea200d23c2bbaedaf3daf5132\kotlin-reflect-1.6.10.jar;C:\Users\frann\.gradle\caches\modules-2\files-2.1\org.jetbrains.kotlin\kotlin-daemon-embeddable\1.9.22\20e2c5df715f3240c765cfc222530e2796542021\kotlin-daemon-embeddable-1.9.22.jar;C:\Users\frann\.gradle\caches\modules-2\files-2.1\org.jetbrains.intellij.deps\trove4j\1.0.20200330\3afb14d5f9ceb459d724e907a21145e8ff394f02\trove4j-1.0.20200330.jar;C:\Users\frann\.gradle\caches\modules-2\files-2.1\org.jetbrains\annotations\13.0\919f0dfe192fb4e063e7dacadee7f8bb9a2672a9\annotations-13.0.jar
Launcher Type: SUN_STANDARD

[Global flags]
     intx CICompilerCount                          = 3                                         {product} {ergonomic}
     uint ConcGCThreads                            = 1                                         {product} {ergonomic}
     uint G1ConcRefinementThreads                  = 4                                         {product} {ergonomic}
   size_t G1HeapRegionSize                         = 1048576                                   {product} {ergonomic}
    uintx GCDrainStackTargetSize                   = 64                                        {product} {ergonomic}
   size_t InitialHeapSize                          = 117440512                                 {product} {ergonomic}
   size_t MarkStackSize                            = 4194304                                   {product} {ergonomic}
   size_t MaxHeapSize                              = 1866465280                                {product} {ergonomic}
   size_t MinHeapDeltaBytes                        = 1048576                                   {product} {ergonomic}
   size_t MinHeapSize                              = 8388608                                   {product} {ergonomic}
    uintx NonNMethodCodeHeapSize                   = 5832780                                {pd product} {ergonomic}
    uintx NonProfiledCodeHeapSize                  = 122912730                              {pd product} {ergonomic}
    uintx ProfiledCodeHeapSize                     = 122912730                              {pd product} {ergonomic}
    uintx ReservedCodeCacheSize                    = 251658240                              {pd product} {ergonomic}
     bool SegmentedCodeCache                       = true                                      {product} {ergonomic}
   size_t SoftMaxHeapSize                          = 1866465280                             {manageable} {ergonomic}
     bool UseCompressedClassPointers               = true                           {product lp64_product} {ergonomic}
     bool UseCompressedOops                        = true                           {product lp64_product} {ergonomic}
     bool UseG1GC                                  = true                                      {product} {ergonomic}
     bool UseLargePagesIndividualAllocation        = false                                  {pd product} {ergonomic}

Logging:
Log output configuration:
 #0: stdout all=warning uptime,level,tags
 #1: stderr all=off uptime,level,tags

Environment Variables:
PATH=C:\Program Files\Common Files\Oracle\Java\javapath;C:\Program Files (x86)\Common Files\Oracle\Java\javapath;C:\Windows\system32;C:\Windows;C:\Windows\System32\Wbem;C:\Windows\System32\WindowsPowerShell\v1.0\;C:\Windows\System32\OpenSSH\;C:\Program Files\dotnet\;C:\FPC\3.2.0\bin\i386-Win32;C:\Users\frann\AppData\Local\Microsoft\WindowsApps;;C:\Users\frann\AppData\Local\Programs\Microsoft VS Code\bin;C:\Users\frann\.dotnet\tools
USERNAME=frann
OS=Windows_NT
PROCESSOR_IDENTIFIER=AMD64 Family 23 Model 17 Stepping 0, AuthenticAMD
TMP=C:\Users\frann\AppData\Local\Temp
TEMP=C:\Users\frann\AppData\Local\Temp


JNI global refs:
JNI global refs: 0, weak refs: 0

JNI global refs memory usage: 0, weak refs: 0

OOME stack traces (most recent first):
Classloader memory used:


---------------  S Y S T E M  ---------------

OS:
 Windows 10 , 64 bit Build 19041 (10.0.19041.3636)
OS uptime: 1 days 6:30 hours
Hyper-V role detected

CPU: total 4 (initial active 4) (4 cores per cpu, 1 threads per core) family 23 model 17 stepping 0 microcode 0x0, cx8, cmov, fxsr, mmx, 3dnowpref, sse, sse2, sse3, ssse3, sse4a, sse4.1, sse4.2, popcnt, lzcnt, tsc, tscinvbit, avx, avx2, aes, clmul, bmi1, bmi2, adx, sha, fma, vzeroupper, clflush, clflushopt, hv

Memory: 4k page, system-wide physical 7112M (441M free)
TotalPageFile size 28593M (AvailPageFile size 78M)
current process WorkingSet (physical memory assigned to process): 10M, peak: 10M
current process commit charge ("private bytes"): 51M, peak: 163M

vm_info: OpenJDK 64-Bit Server VM (17.0.7+0-b2043.56-10550314) for windows-amd64 JRE (17.0.7+0-b2043.56-10550314), built on Jul 24 2023 18:27:45 by "androidbuild" with MS VC++ 16.10 / 16.11 (VS2019)

END.
